<?xml version="1.0" encoding="UTF-8"?>
<testsuite name="com.study.process.creation.ChildProcessTest" tests="1" skipped="0" failures="0" errors="0" timestamp="2025-09-21T09:06:15" hostname="JUN" time="0.07">
  <properties/>
  <testcase name="11. COMPUTE 모드에서 잘못된 숫자를 처리한다." classname="com.study.process.creation.ChildProcessTest" time="0.07"/>
  <system-out><![CDATA[]]></system-out>
  <system-err><![CDATA[]]></system-err>
</testsuite>
